<?xml version="1.0" encoding="UTF-8"?>
<!-- Generated by org.testng.reporters.JUnitReportReporter -->
<testsuite hostname="ZeeshanAhmed" failures="0" tests="1" name="com.uiafw.cn.pn.testscripts.registrationpage.RegistrationTest" time="40.170" errors="0" timestamp="2022-03-22T19:41:10 PKT" skipped="0">
  <testcase classname="com.uiafw.cn.pn.testscripts.registrationpage.RegistrationTest" name="testLoginApplication" time="40.170"/>
  <system-out>
    <![CDATA[<a href='C:\Users\Munir\eclipse-workspace\uiafw2\src\main\resources\screenshots\Blank_22_03_2022_07_40_44.png'><img src='C:\Users\Munir\eclipse-workspace\uiafw2\src\main\resources\screenshots\Blank_22_03_2022_07_40_44.png' style='width:50px;height:50px;'/></a>
<a href='C:\Users\Munir\eclipse-workspace\uiafw2\src\main\resources\screenshots\Blank_22_03_2022_07_41_02.png'><img src='C:\Users\Munir\eclipse-workspace\uiafw2\src\main\resources\screenshots\Blank_22_03_2022_07_41_02.png' style='width:50px;height:50px;'/></a>
<a href='C:\Users\Munir\eclipse-workspace\uiafw2\src\main\resources\screenshots\Blank_22_03_2022_07_41_08.png'><img src='C:\Users\Munir\eclipse-workspace\uiafw2\src\main\resources\screenshots\Blank_22_03_2022_07_41_08.png' style='width:50px;height:50px;'/></a>
<a href='C:\Users\Munir\eclipse-workspace\uiafw2\src\main\resources\screenshots\Blank_22_03_2022_07_41_09.png'><img src='C:\Users\Munir\eclipse-workspace\uiafw2\src\main\resources\screenshots\Blank_22_03_2022_07_41_09.png' style='width:50px;height:50px;'/></a>]]>
  </system-out>
</testsuite> <!-- com.uiafw.cn.pn.testscripts.registrationpage.RegistrationTest -->
