<?xml version="1.0" encoding="UTF-8"?>
<!-- Generated by org.testng.reporters.JUnitReportReporter -->
<testsuite hostname="ZeeshanAhmed" failures="0" tests="1" name="com.uiafw.cn.pn.testscripts.registration.RegistrationTest" time="14.987" errors="0" timestamp="2022-03-22T06:08:02 PKT" skipped="0">
  <testcase classname="com.uiafw.cn.pn.testscripts.registration.RegistrationTest" name="testLoginApplication" time="14.987"/>
  <system-out>
    <![CDATA[<a href='C:\Users\Munir\eclipse-workspace\uiafw\src\main\resources\screenshots\Blank_22_03_2022_06_07_52.png'><img src='C:\Users\Munir\eclipse-workspace\uiafw\src\main\resources\screenshots\Blank_22_03_2022_06_07_52.png' style='width:50px;height:50px;'/></a>
<a href='C:\Users\Munir\eclipse-workspace\uiafw\src\main\resources\screenshots\Blank_22_03_2022_06_07_56.png'><img src='C:\Users\Munir\eclipse-workspace\uiafw\src\main\resources\screenshots\Blank_22_03_2022_06_07_56.png' style='width:50px;height:50px;'/></a>
<a href='C:\Users\Munir\eclipse-workspace\uiafw\src\main\resources\screenshots\Blank_22_03_2022_06_07_57.png'><img src='C:\Users\Munir\eclipse-workspace\uiafw\src\main\resources\screenshots\Blank_22_03_2022_06_07_57.png' style='width:50px;height:50px;'/></a>
<a href='C:\Users\Munir\eclipse-workspace\uiafw\src\main\resources\screenshots\Blank_22_03_2022_06_08_00.png'><img src='C:\Users\Munir\eclipse-workspace\uiafw\src\main\resources\screenshots\Blank_22_03_2022_06_08_00.png' style='width:50px;height:50px;'/></a>
<a href='C:\Users\Munir\eclipse-workspace\uiafw\src\main\resources\screenshots\Blank_22_03_2022_06_08_01.png'><img src='C:\Users\Munir\eclipse-workspace\uiafw\src\main\resources\screenshots\Blank_22_03_2022_06_08_01.png' style='width:50px;height:50px;'/></a>]]>
  </system-out>
</testsuite> <!-- com.uiafw.cn.pn.testscripts.registration.RegistrationTest -->
