<?xml version="1.0" encoding="UTF-8"?>
<!-- Generated by org.testng.reporters.JUnitReportReporter -->
<testsuite hostname="ZeeshanAhmed" failures="0" tests="3" name="com.uiafw.cn.pn.testscripts.LoginDataDriverTest" time="17.767" errors="0" timestamp="2022-03-23T21:13:01 PKT" skipped="1">
  <testcase classname="com.uiafw.cn.pn.testscripts.LoginDataDriverTest" name="testLoginDD" time="0.044">
    <skipped/>
  </testcase> <!-- testLoginDD -->
  <system-out/>
  <testcase classname="com.uiafw.cn.pn.testscripts.LoginDataDriverTest" name="testLoginDD" time="8.938"/>
  <system-out/>
  <testcase classname="com.uiafw.cn.pn.testscripts.LoginDataDriverTest" name="testLoginDD" time="8.785"/>
  <system-out/>
</testsuite> <!-- com.uiafw.cn.pn.testscripts.LoginDataDriverTest -->
