<?xml version="1.0" encoding="UTF-8"?>
<!-- Generated by org.testng.reporters.JUnitReportReporter -->
<testsuite hostname="ZeeshanAhmed" failures="0" tests="1" name="com.uiafw.cn.pn.testscripts.LoginTest" time="17.530" errors="0" timestamp="2022-03-22T22:24:09 PKT" skipped="0">
  <testcase classname="com.uiafw.cn.pn.testscripts.LoginTest" name="testLoginToApplication" time="17.530"/>
  <system-out>
    <![CDATA[testLoginToApplication test started
testLoginToApplication test passed]]>
  </system-out>
</testsuite> <!-- com.uiafw.cn.pn.testscripts.LoginTest -->
