<?xml version="1.0" encoding="UTF-8"?>
<!-- Generated by org.testng.reporters.JUnitReportReporter -->
<testsuite hostname="ZeeshanAhmed" failures="0" tests="1" name="com.uiafw.cn.pn.testscripts.loginpage.LoginTest" time="26.970" errors="0" timestamp="2022-03-22T19:44:29 PKT" skipped="0">
  <testcase classname="com.uiafw.cn.pn.testscripts.loginpage.LoginTest" name="testLoginToApplication" time="26.970"/>
  <system-out>
    <![CDATA[<a href='C:\Users\Munir\eclipse-workspace\uiafw2\src\main\resources\screenshots\Blank_22_03_2022_07_44_12.png'><img src='C:\Users\Munir\eclipse-workspace\uiafw2\src\main\resources\screenshots\Blank_22_03_2022_07_44_12.png' style='width:50px;height:50px;'/></a>
<a href='C:\Users\Munir\eclipse-workspace\uiafw2\src\main\resources\screenshots\Blank_22_03_2022_07_44_27.png'><img src='C:\Users\Munir\eclipse-workspace\uiafw2\src\main\resources\screenshots\Blank_22_03_2022_07_44_27.png' style='width:50px;height:50px;'/></a>]]>
  </system-out>
</testsuite> <!-- com.uiafw.cn.pn.testscripts.loginpage.LoginTest -->
